2023/10/11 16:51:30 anonymous - begin serialize 
 2023/10/11 16:51:34 anonymous - end serialize  | costtime=3290ms 
 2023/10/11 16:51:34 anonymous - begin write to net 
 2023/10/11 16:51:34 anonymous - end write to net size=19417  | costtime=0ms 
 2023/10/11 16:51:34 anonymous - begin read from net 
 2023/10/11 16:56:19 anonymous - end read from net size=101  | costtime=285013ms 
 2023/10/11 16:56:19 anonymous - begin deserialize 
 2023/10/11 16:56:19 anonymous - end deserialize  | costtime=13ms 
 2023/10/11 17:00:23 anonymous - begin serialize 
 2023/10/11 17:00:26 anonymous - end serialize  | costtime=2695ms 
 2023/10/11 17:00:26 anonymous - begin write to net 
 2023/10/11 17:00:26 anonymous - end write to net size=19417  | costtime=0ms 
 2023/10/11 17:00:26 anonymous - begin read from net 
 2023/10/11 17:00:30 anonymous - end read from net size=101  | costtime=4885ms 
 2023/10/11 17:00:30 anonymous - begin deserialize 
 2023/10/11 17:00:30 anonymous - end deserialize  | costtime=10ms 
 2023/10/11 17:01:03 anonymous - begin serialize 
 2023/10/11 17:01:05 anonymous - end serialize  | costtime=2629ms 
 2023/10/11 17:01:05 anonymous - begin write to net 
 2023/10/11 17:01:05 anonymous - end write to net size=19417  | costtime=0ms 
 2023/10/11 17:01:05 anonymous - begin read from net 
 2023/10/11 17:01:13 anonymous - end read from net size=101  | costtime=7892ms 
 2023/10/11 17:01:13 anonymous - begin deserialize 
 2023/10/11 17:01:13 anonymous - end deserialize  | costtime=13ms 
 2023/10/11 17:02:57 anonymous - begin serialize 
 2023/10/11 17:03:00 anonymous - end serialize  | costtime=2811ms 
 2023/10/11 17:03:00 anonymous - begin write to net 
 2023/10/11 17:03:00 anonymous - end write to net size=19433  | costtime=0ms 
 2023/10/11 17:03:00 anonymous - begin read from net 
 2023/10/11 17:03:04 anonymous - end read from net size=101  | costtime=4812ms 
 2023/10/11 17:03:04 anonymous - begin deserialize 
 2023/10/11 17:03:04 anonymous - end deserialize  | costtime=11ms 
 2023/10/11 17:06:38 anonymous - begin serialize 
 2023/10/11 17:06:42 anonymous - end serialize  | costtime=3316ms 
 2023/10/11 17:06:42 anonymous - begin write to net 
 2023/10/11 17:06:42 anonymous - end write to net size=249  | costtime=0ms 
 2023/10/11 17:06:42 anonymous - begin read from net 
 2023/10/11 17:06:46 anonymous - end read from net size=1573  | costtime=4650ms 
 2023/10/11 17:06:46 anonymous - begin deserialize 
 2023/10/11 17:06:46 anonymous - NetObjectInputStream lost token! 
 2023/10/11 17:06:46 anonymous - end deserialize  | costtime=11ms 
 2023/10/11 17:16:28 anonymous - begin serialize 
 2023/10/11 17:16:29 anonymous - end serialize  | costtime=596ms 
 2023/10/11 17:16:29 anonymous - begin write to net 
 2023/10/11 17:16:29 anonymous - end write to net size=249  | costtime=0ms 
 2023/10/11 17:16:29 anonymous - begin read from net 
 2023/10/11 17:16:29 anonymous - end read from net size=-1  | costtime=83ms 
 2023/10/11 17:19:38 anonymous - begin serialize 
 2023/10/11 17:19:41 anonymous - end serialize  | costtime=2309ms 
 2023/10/11 17:19:41 anonymous - begin write to net 
 2023/10/11 17:19:41 anonymous - end write to net size=249  | costtime=0ms 
 2023/10/11 17:19:41 anonymous - begin read from net 
 2023/10/11 17:19:41 anonymous - end read from net size=-1  | costtime=86ms 
 2023/10/11 17:30:57 anonymous - begin serialize 
 2023/10/11 17:31:00 anonymous - end serialize  | costtime=2375ms 
 2023/10/11 17:31:00 anonymous - begin write to net 
 2023/10/11 17:31:00 anonymous - end write to net size=249  | costtime=0ms 
 2023/10/11 17:31:00 anonymous - begin read from net 
 2023/10/11 17:31:00 anonymous - end read from net size=-1  | costtime=185ms 
 2023/10/11 17:49:29 anonymous - begin serialize 
 2023/10/11 17:49:32 anonymous - end serialize  | costtime=2561ms 
 2023/10/11 17:49:32 anonymous - begin write to net 
 2023/10/11 17:49:32 anonymous - end write to net size=249  | costtime=0ms 
 2023/10/11 17:49:32 anonymous - begin read from net 
 2023/10/11 17:49:32 anonymous - end read from net size=1477  | costtime=131ms 
 2023/10/11 17:49:32 anonymous - begin deserialize 
 2023/10/11 17:49:32 anonymous - NetObjectInputStream lost token! 
 2023/10/11 17:49:32 anonymous - end deserialize  | costtime=15ms 
 2023/10/11 19:54:19 anonymous - begin serialize 
 2023/10/11 19:54:22 anonymous - end serialize  | costtime=2650ms 
 2023/10/11 19:54:22 anonymous - begin write to net 
 2023/10/11 19:54:22 anonymous - end write to net size=249  | costtime=1ms 
 2023/10/11 19:54:22 anonymous - begin read from net 
 2023/10/11 19:54:22 anonymous - end read from net size=-1  | costtime=35ms 
 2023/10/11 20:02:26 anonymous - begin serialize 
 2023/10/11 20:02:28 anonymous - end serialize  | costtime=2467ms 
 2023/10/11 20:02:28 anonymous - begin write to net 
 2023/10/11 20:02:28 anonymous - end write to net size=249  | costtime=1ms 
 2023/10/11 20:02:28 anonymous - begin read from net 
 2023/10/11 20:02:28 anonymous - end read from net size=1381  | costtime=138ms 
 2023/10/11 20:02:28 anonymous - begin deserialize 
 2023/10/11 20:02:28 anonymous - NetObjectInputStream lost token! 
 2023/10/11 20:02:28 anonymous - end deserialize  | costtime=9ms 
 2023/10/11 20:06:26 anonymous - begin serialize 
 2023/10/11 20:06:29 anonymous - end serialize  | costtime=2661ms 
 2023/10/11 20:06:29 anonymous - begin write to net 
 2023/10/11 20:06:29 anonymous - end write to net size=249  | costtime=0ms 
 2023/10/11 20:06:29 anonymous - begin read from net 
 2023/10/11 20:06:29 anonymous - end read from net size=1477  | costtime=59ms 
 2023/10/11 20:06:29 anonymous - begin deserialize 
 2023/10/11 20:06:29 anonymous - NetObjectInputStream lost token! 
 2023/10/11 20:06:29 anonymous - end deserialize  | costtime=8ms 
 2023/10/12 10:17:11 anonymous - begin serialize 
 2023/10/12 10:17:14 anonymous - end serialize  | costtime=2370ms 
 2023/10/12 10:17:14 anonymous - begin write to net 
 2023/10/12 10:17:14 anonymous - end write to net size=249  | costtime=0ms 
 2023/10/12 10:17:14 anonymous - begin read from net 
 2023/10/12 10:17:14 anonymous - end read from net size=1605  | costtime=43ms 
 2023/10/12 10:17:14 anonymous - begin deserialize 
 2023/10/12 10:17:14 anonymous - NetObjectInputStream lost token! 
 2023/10/12 10:17:14 anonymous - end deserialize  | costtime=11ms 
 2023/10/12 16:57:52 anonymous - begin serialize 
 2023/10/12 16:57:55 anonymous - end serialize  | costtime=2309ms 
 2023/10/12 16:57:55 anonymous - begin write to net 
 2023/10/12 16:57:55 anonymous - end write to net size=249  | costtime=0ms 
 2023/10/12 16:57:55 anonymous - begin read from net 
 2023/10/12 16:57:56 anonymous - end read from net size=1852776556  | costtime=910ms 
 2023/10/13 11:28:25 anonymous - begin serialize 
 2023/10/13 11:28:26 anonymous - end serialize  | costtime=1150ms 
 2023/10/13 11:28:26 anonymous - begin write to net 
 2023/10/13 11:28:26 anonymous - end write to net size=19433  | costtime=1ms 
 2023/10/13 11:28:26 anonymous - begin read from net 
 2023/10/13 11:28:59 anonymous - end read from net size=-1  | costtime=32463ms 
 2023/10/13 11:29:25 anonymous - begin serialize 
 2023/10/13 11:29:26 anonymous - end serialize  | costtime=624ms 
 2023/10/13 11:29:26 anonymous - begin write to net 
 2023/10/13 11:29:26 anonymous - end write to net size=19433  | costtime=0ms 
 2023/10/13 11:29:26 anonymous - begin read from net 
 2023/10/13 11:29:26 anonymous - end read from net size=101  | costtime=438ms 
 2023/10/13 11:29:26 anonymous - begin deserialize 
 2023/10/13 11:29:26 anonymous - end deserialize  | costtime=6ms 
 2023/10/13 14:57:37 anonymous - begin serialize 
 2023/10/13 14:57:38 anonymous - end serialize  | costtime=857ms 
 2023/10/13 14:57:38 anonymous - begin write to net 
 2023/10/13 14:57:38 anonymous - end write to net size=249  | costtime=1ms 
 2023/10/13 14:57:38 anonymous - begin read from net 
 2023/10/13 14:57:39 anonymous - end read from net size=1573  | costtime=432ms 
 2023/10/13 14:57:39 anonymous - begin deserialize 
 2023/10/13 14:57:39 anonymous - NetObjectInputStream lost token! 
 2023/10/13 14:57:39 anonymous - end deserialize  | costtime=7ms 
 2023/10/13 15:06:33 anonymous - begin serialize 
 2023/10/13 15:06:34 anonymous - end serialize  | costtime=751ms 
 2023/10/13 15:06:34 anonymous - begin write to net 
 2023/10/13 15:06:34 anonymous - end write to net size=19433  | costtime=1ms 
 2023/10/13 15:06:34 anonymous - begin read from net 
 2023/10/13 15:12:11 anonymous - end read from net size=101  | costtime=337137ms 
 2023/10/13 15:12:11 anonymous - begin deserialize 
 2023/10/13 15:12:11 anonymous - end deserialize  | costtime=21ms 
 2023/10/13 15:12:29 anonymous - begin serialize 
 2023/10/13 15:12:29 anonymous - end serialize  | costtime=629ms 
 2023/10/13 15:12:30 anonymous - begin write to net 
 2023/10/13 15:12:30 anonymous - end write to net size=19433  | costtime=0ms 
 2023/10/13 15:12:30 anonymous - begin read from net 
 2023/10/13 15:14:58 anonymous - end read from net size=101  | costtime=148124ms 
 2023/10/13 15:14:58 anonymous - begin deserialize 
 2023/10/13 15:14:58 anonymous - end deserialize  | costtime=8ms 
 2023/10/13 15:18:01 anonymous - begin serialize 
 2023/10/13 15:18:01 anonymous - end serialize  | costtime=711ms 
 2023/10/13 15:18:01 anonymous - begin write to net 
 2023/10/13 15:18:01 anonymous - end write to net size=19433  | costtime=1ms 
 2023/10/13 15:18:01 anonymous - begin read from net 
 2023/10/13 15:33:40 anonymous - end read from net size=101  | costtime=938964ms 
 2023/10/13 15:33:40 anonymous - begin deserialize 
 2023/10/13 15:33:40 anonymous - end deserialize  | costtime=24ms 
 2023/10/13 15:34:34 anonymous - begin serialize 
 2023/10/13 15:34:35 anonymous - end serialize  | costtime=681ms 
 2023/10/13 15:34:35 anonymous - begin write to net 
 2023/10/13 15:34:35 anonymous - end write to net size=19353  | costtime=1ms 
 2023/10/13 15:34:35 anonymous - begin read from net 
 2023/10/13 15:34:40 anonymous - end read from net size=85  | costtime=5426ms 
 2023/10/13 15:34:40 anonymous - begin deserialize 
 2023/10/13 15:34:40 anonymous - NetObjectInputStream lost token! 
 2023/10/13 15:34:40 anonymous - end deserialize  | costtime=9ms 
 2023/10/13 15:35:22 anonymous - begin serialize 
 2023/10/13 15:35:23 anonymous - end serialize  | costtime=780ms 
 2023/10/13 15:35:23 anonymous - begin write to net 
 2023/10/13 15:35:23 anonymous - end write to net size=19353  | costtime=1ms 
 2023/10/13 15:35:23 anonymous - begin read from net 
 2023/10/13 15:35:58 anonymous - end read from net size=85  | costtime=35254ms 
 2023/10/13 15:35:58 anonymous - begin deserialize 
 2023/10/13 15:35:58 anonymous - NetObjectInputStream lost token! 
 2023/10/13 15:35:58 anonymous - end deserialize  | costtime=30ms 
 2023/10/13 15:38:10 anonymous - begin serialize 
 2023/10/13 15:38:11 anonymous - end serialize  | costtime=877ms 
 2023/10/13 15:38:11 anonymous - begin write to net 
 2023/10/13 15:38:11 anonymous - end write to net size=19353  | costtime=0ms 
 2023/10/13 15:38:11 anonymous - begin read from net 
 2023/10/13 15:38:16 anonymous - end read from net size=85  | costtime=4578ms 
 2023/10/13 15:38:16 anonymous - begin deserialize 
 2023/10/13 15:38:16 anonymous - NetObjectInputStream lost token! 
 2023/10/13 15:38:16 anonymous - end deserialize  | costtime=7ms 
 2023/10/13 15:40:48 anonymous - begin serialize 
 2023/10/13 15:40:49 anonymous - end serialize  | costtime=776ms 
 2023/10/13 15:40:49 anonymous - begin write to net 
 2023/10/13 15:40:49 anonymous - end write to net size=19353  | costtime=0ms 
 2023/10/13 15:40:49 anonymous - begin read from net 
 2023/10/13 15:43:14 anonymous - end read from net size=85  | costtime=145158ms 
 2023/10/13 15:43:14 anonymous - begin deserialize 
 2023/10/13 15:43:14 anonymous - NetObjectInputStream lost token! 
 2023/10/13 15:43:14 anonymous - end deserialize  | costtime=21ms 
 2023/10/13 16:16:17 anonymous - begin serialize 
 2023/10/13 16:16:18 anonymous - end serialize  | costtime=883ms 
 2023/10/13 16:16:18 anonymous - begin write to net 
 2023/10/13 16:16:18 anonymous - end write to net size=345  | costtime=0ms 
 2023/10/13 16:16:18 anonymous - begin read from net 
 2023/10/13 16:16:18 anonymous - end read from net size=1429  | costtime=22ms 
 2023/10/13 16:16:18 anonymous - begin deserialize 
 2023/10/13 16:16:18 anonymous - NetObjectInputStream lost token! 
 2023/10/13 16:16:18 anonymous - end deserialize  | costtime=18ms 
 2023/10/13 16:17:47 anonymous - begin serialize 
 2023/10/13 16:17:48 anonymous - end serialize  | costtime=699ms 
 2023/10/13 16:17:48 anonymous - begin write to net 
 2023/10/13 16:17:48 anonymous - end write to net size=345  | costtime=0ms 
 2023/10/13 16:17:48 anonymous - begin read from net 
 2023/10/13 16:18:36 anonymous - end read from net size=85  | costtime=47469ms 
 2023/10/13 16:18:36 anonymous - begin deserialize 
 2023/10/13 16:18:36 anonymous - NetObjectInputStream lost token! 
 2023/10/13 16:18:36 anonymous - end deserialize  | costtime=7ms 
 2023/10/13 16:21:41 anonymous - begin serialize 
 2023/10/13 16:21:42 anonymous - end serialize  | costtime=709ms 
 2023/10/13 16:21:42 anonymous - begin write to net 
 2023/10/13 16:21:42 anonymous - end write to net size=297  | costtime=0ms 
 2023/10/13 16:21:42 anonymous - begin read from net 
 2023/10/13 16:21:47 anonymous - end read from net size=85  | costtime=5019ms 
 2023/10/13 16:21:47 anonymous - begin deserialize 
 2023/10/13 16:21:47 anonymous - NetObjectInputStream lost token! 
 2023/10/13 16:21:47 anonymous - end deserialize  | costtime=8ms 
 2023/10/13 17:06:48 anonymous - begin serialize 
 2023/10/13 17:06:49 anonymous - end serialize  | costtime=736ms 
 2023/10/13 17:06:49 anonymous - begin write to net 
 2023/10/13 17:06:49 anonymous - end write to net size=297  | costtime=0ms 
 2023/10/13 17:06:49 anonymous - begin read from net 
 2023/10/13 17:07:11 anonymous - end read from net size=85  | costtime=22492ms 
 2023/10/13 17:07:11 anonymous - begin deserialize 
 2023/10/13 17:07:11 anonymous - NetObjectInputStream lost token! 
 2023/10/13 17:07:11 anonymous - end deserialize  | costtime=10ms 
 2023/10/13 17:08:51 anonymous - begin serialize 
 2023/10/13 17:08:51 anonymous - end serialize  | costtime=623ms 
 2023/10/13 17:08:51 anonymous - begin write to net 
 2023/10/13 17:08:51 anonymous - end write to net size=297  | costtime=0ms 
 2023/10/13 17:08:51 anonymous - begin read from net 
 2023/10/13 17:10:19 anonymous - end read from net size=85  | costtime=87190ms 
 2023/10/13 17:10:19 anonymous - begin deserialize 
 2023/10/13 17:10:19 anonymous - NetObjectInputStream lost token! 
 2023/10/13 17:10:19 anonymous - end deserialize  | costtime=10ms 
 2023/10/17 19:33:13 anonymous - begin serialize 
 2023/10/17 19:33:14 anonymous - end serialize  | costtime=885ms 
 2023/10/17 19:33:14 anonymous - begin write to net 
 2023/10/17 19:33:14 anonymous - end write to net size=19353  | costtime=0ms 
 2023/10/17 19:33:14 anonymous - begin read from net 
 2023/10/17 19:33:14 anonymous - end read from net size=85  | costtime=123ms 
 2023/10/17 19:33:14 anonymous - begin deserialize 
 2023/10/17 19:33:14 anonymous - NetObjectInputStream lost token! 
 2023/10/17 19:33:14 anonymous - end deserialize  | costtime=6ms 
 2023/10/17 19:35:22 anonymous - begin serialize 
 2023/10/17 19:35:23 anonymous - end serialize  | costtime=709ms 
 2023/10/17 19:35:23 anonymous - begin write to net 
 2023/10/17 19:35:23 anonymous - end write to net size=313  | costtime=0ms 
 2023/10/17 19:35:23 anonymous - begin read from net 
 2023/10/17 19:35:23 anonymous - end read from net size=85  | costtime=13ms 
 2023/10/17 19:35:23 anonymous - begin deserialize 
 2023/10/17 19:35:23 anonymous - NetObjectInputStream lost token! 
 2023/10/17 19:35:23 anonymous - end deserialize  | costtime=5ms 
 2023/10/17 19:38:32 anonymous - begin serialize 
 2023/10/17 19:38:33 anonymous - end serialize  | costtime=696ms 
 2023/10/17 19:38:33 anonymous - begin write to net 
 2023/10/17 19:38:33 anonymous - end write to net size=313  | costtime=1ms 
 2023/10/17 19:38:33 anonymous - begin read from net 
 2023/10/17 19:47:14 anonymous - end read from net size=85  | costtime=521307ms 
 2023/10/17 19:47:14 anonymous - begin deserialize 
 2023/10/17 19:47:14 anonymous - NetObjectInputStream lost token! 
 2023/10/17 19:47:14 anonymous - end deserialize  | costtime=36ms 
 2023/10/18 09:52:35 anonymous - begin serialize 
 2023/10/18 09:52:35 anonymous - end serialize  | costtime=689ms 
 2023/10/18 09:52:35 anonymous - begin write to net 
 2023/10/18 09:52:35 anonymous - end write to net size=329  | costtime=0ms 
 2023/10/18 09:52:35 anonymous - begin read from net 
 2023/10/18 09:52:35 anonymous - end read from net size=1541  | costtime=144ms 
 2023/10/18 09:52:35 anonymous - begin deserialize 
 2023/10/18 09:52:35 anonymous - NetObjectInputStream lost token! 
 2023/10/18 09:52:35 anonymous - end deserialize  | costtime=12ms 
 2023/10/18 09:54:28 anonymous - begin serialize 
 2023/10/18 09:54:29 anonymous - end serialize  | costtime=682ms 
 2023/10/18 09:54:29 anonymous - begin write to net 
 2023/10/18 09:54:29 anonymous - end write to net size=19513  | costtime=0ms 
 2023/10/18 09:54:29 anonymous - begin read from net 
 2023/10/18 09:54:29 anonymous - end read from net size=933  | costtime=23ms 
 2023/10/18 09:54:29 anonymous - begin deserialize 
 2023/10/18 09:54:29 anonymous - NetObjectInputStream lost token! 
 2023/10/18 09:54:29 anonymous - end deserialize  | costtime=11ms 
 2023/10/18 09:56:38 anonymous - begin serialize 
 2023/10/18 09:56:39 anonymous - end serialize  | costtime=669ms 
 2023/10/18 09:56:39 anonymous - begin write to net 
 2023/10/18 09:56:39 anonymous - end write to net size=19513  | costtime=0ms 
 2023/10/18 09:56:39 anonymous - begin read from net 
 2023/10/18 09:56:39 anonymous - end read from net size=933  | costtime=12ms 
 2023/10/18 09:56:39 anonymous - begin deserialize 
 2023/10/18 09:56:39 anonymous - NetObjectInputStream lost token! 
 2023/10/18 09:56:39 anonymous - end deserialize  | costtime=9ms 
 2023/10/18 09:57:03 anonymous - begin serialize 
 2023/10/18 09:57:03 anonymous - end serialize  | costtime=756ms 
 2023/10/18 09:57:03 anonymous - begin write to net 
 2023/10/18 09:57:03 anonymous - end write to net size=313  | costtime=1ms 
 2023/10/18 09:57:03 anonymous - begin read from net 
 2023/10/18 09:57:07 anonymous - end read from net size=85  | costtime=3268ms 
 2023/10/18 09:57:07 anonymous - begin deserialize 
 2023/10/18 09:57:07 anonymous - NetObjectInputStream lost token! 
 2023/10/18 09:57:07 anonymous - end deserialize  | costtime=25ms 
 2023/10/18 09:58:12 anonymous - begin serialize 
 2023/10/18 09:58:13 anonymous - end serialize  | costtime=694ms 
 2023/10/18 09:58:13 anonymous - begin write to net 
 2023/10/18 09:58:13 anonymous - end write to net size=19561  | costtime=0ms 
 2023/10/18 09:58:13 anonymous - begin read from net 
 2023/10/18 09:58:13 anonymous - end read from net size=1781  | costtime=66ms 
 2023/10/18 09:58:13 anonymous - begin deserialize 
 2023/10/18 09:58:13 anonymous - end deserialize  | costtime=13ms 
 2023/10/18 09:59:05 anonymous - begin serialize 
 2023/10/18 09:59:06 anonymous - end serialize  | costtime=711ms 
 2023/10/18 09:59:06 anonymous - begin write to net 
 2023/10/18 09:59:06 anonymous - end write to net size=249  | costtime=1ms 
 2023/10/18 09:59:06 anonymous - begin read from net 
 2023/10/18 09:59:06 anonymous - end read from net size=1557  | costtime=45ms 
 2023/10/18 09:59:06 anonymous - begin deserialize 
 2023/10/18 09:59:06 anonymous - NetObjectInputStream lost token! 
 2023/10/18 09:59:06 anonymous - end deserialize  | costtime=6ms 
 2023/10/18 10:01:08 anonymous - begin serialize 
 2023/10/18 10:01:09 anonymous - end serialize  | costtime=750ms 
 2023/10/18 10:01:09 anonymous - begin write to net 
 2023/10/18 10:01:09 anonymous - end write to net size=19545  | costtime=0ms 
 2023/10/18 10:01:09 anonymous - begin read from net 
 2023/10/18 10:03:38 anonymous - end read from net size=117  | costtime=149389ms 
 2023/10/18 10:03:38 anonymous - begin deserialize 
 2023/10/18 10:03:38 anonymous - end deserialize  | costtime=13ms 
 2023/10/18 10:05:58 anonymous - begin serialize 
 2023/10/18 10:05:59 anonymous - end serialize  | costtime=725ms 
 2023/10/18 10:05:59 anonymous - begin write to net 
 2023/10/18 10:05:59 anonymous - end write to net size=19577  | costtime=0ms 
 2023/10/18 10:05:59 anonymous - begin read from net 
 2023/10/18 10:06:01 anonymous - end read from net size=133  | costtime=2407ms 
 2023/10/18 10:06:01 anonymous - begin deserialize 
 2023/10/18 10:06:01 anonymous - end deserialize  | costtime=9ms 
 2023/10/18 10:30:07 anonymous - begin serialize 
 2023/10/18 10:30:09 anonymous - end serialize  | costtime=2038ms 
 2023/10/18 10:30:09 anonymous - begin write to net 
 2023/10/18 10:30:09 anonymous - end write to net size=19577  | costtime=1ms 
 2023/10/18 10:30:09 anonymous - begin read from net 
 2023/10/18 10:30:09 anonymous - end read from net size=1781  | costtime=187ms 
 2023/10/18 10:30:09 anonymous - begin deserialize 
 2023/10/18 10:30:09 anonymous - end deserialize  | costtime=44ms 
 2023/10/19 22:19:56 anonymous - begin serialize 
 2023/10/19 22:19:56 anonymous - end serialize  | costtime=727ms 
 2023/10/19 22:19:56 anonymous - begin write to net 
 2023/10/19 22:19:56 anonymous - end write to net size=249  | costtime=0ms 
 2023/10/19 22:19:56 anonymous - begin read from net 
 2023/10/19 22:19:56 anonymous - end read from net size=1605  | costtime=102ms 
 2023/10/19 22:19:56 anonymous - begin deserialize 
 2023/10/19 22:19:56 anonymous - NetObjectInputStream lost token! 
 2023/10/19 22:19:56 anonymous - end deserialize  | costtime=6ms 
 2023/10/19 22:20:44 anonymous - begin serialize 
 2023/10/19 22:20:45 anonymous - end serialize  | costtime=831ms 
 2023/10/19 22:20:45 anonymous - begin write to net 
 2023/10/19 22:20:45 anonymous - end write to net size=19577  | costtime=1ms 
 2023/10/19 22:20:45 anonymous - begin read from net 
 2023/10/19 22:20:45 anonymous - end read from net size=1781  | costtime=55ms 
 2023/10/19 22:20:45 anonymous - begin deserialize 
 2023/10/19 22:20:45 anonymous - end deserialize  | costtime=11ms 
 2023/10/20 15:53:41 anonymous - begin serialize 
 2023/10/20 15:53:42 anonymous - end serialize  | costtime=534ms 
 2023/10/20 15:53:42 anonymous - begin write to net 
 2023/10/20 15:53:42 anonymous - end write to net size=19353  | costtime=1ms 
 2023/10/20 15:53:42 anonymous - begin read from net 
 2023/10/20 15:53:42 anonymous - end read from net size=-1  | costtime=69ms 
 